2020-04-02 12:52:54.404  INFO 11932 --- [restartedMain] com.ithome.CommunityApplication          : Starting CommunityApplication on DESKTOP-506L1LP with PID 11932 (D:\IDEAWJ\community\target\classes started by MRCHEN in D:\IDEAWJ\community)
2020-04-02 12:52:54.413  INFO 11932 --- [restartedMain] com.ithome.CommunityApplication          : No active profile set, falling back to default profiles: default
2020-04-02 12:52:58.448  INFO 11932 --- [restartedMain] o.s.b.w.embedded.tomcat.TomcatWebServer  : Tomcat initialized with port(s): 8081 (http)
2020-04-02 12:52:58.459  INFO 11932 --- [restartedMain] o.apache.catalina.core.StandardService   : Starting service [Tomcat]
2020-04-02 12:52:58.460  INFO 11932 --- [restartedMain] org.apache.catalina.core.StandardEngine  : Starting Servlet engine: [Apache Tomcat/9.0.31]
2020-04-02 12:52:58.780  INFO 11932 --- [restartedMain] o.a.c.c.C.[Tomcat].[localhost].[/]       : Initializing Spring embedded WebApplicationContext
2020-04-02 12:52:58.781  INFO 11932 --- [restartedMain] o.s.web.context.ContextLoader            : Root WebApplicationContext: initialization completed in 3973 ms
2020-04-02 12:52:58.825  INFO 11932 --- [restartedMain] com.zaxxer.hikari.HikariDataSource       : HikariPool-1 - Starting...
2020-04-02 12:52:59.185  INFO 11932 --- [restartedMain] com.zaxxer.hikari.HikariDataSource       : HikariPool-1 - Start completed.
2020-04-02 12:52:59.191  INFO 11932 --- [restartedMain] o.s.b.a.h2.H2ConsoleAutoConfiguration    : H2 console available at '/h2'. Database available at 'jdbc:h2:D:/IDEAWJ/H2/community'
2020-04-02 12:53:00.325  INFO 11932 --- [restartedMain] o.s.s.concurrent.ThreadPoolTaskExecutor  : Initializing ExecutorService 'applicationTaskExecutor'
2020-04-02 12:53:00.391  INFO 11932 --- [restartedMain] o.s.b.a.w.s.WelcomePageHandlerMapping    : Adding welcome page template: index
2020-04-02 12:53:01.295  INFO 11932 --- [restartedMain] o.s.b.d.a.OptionalLiveReloadServer       : LiveReload server is running on port 35729
2020-04-02 12:53:01.418  INFO 11932 --- [restartedMain] o.s.b.w.embedded.tomcat.TomcatWebServer  : Tomcat started on port(s): 8081 (http) with context path ''
2020-04-02 12:53:01.423  INFO 11932 --- [restartedMain] com.ithome.CommunityApplication          : Started CommunityApplication in 8.804 seconds (JVM running for 12.629)
2020-04-02 12:53:26.338  INFO 11932 --- [http-nio-8081-exec-1] o.a.c.c.C.[Tomcat].[localhost].[/]       : Initializing Spring DispatcherServlet 'dispatcherServlet'
2020-04-02 12:53:26.338  INFO 11932 --- [http-nio-8081-exec-1] o.s.web.servlet.DispatcherServlet        : Initializing Servlet 'dispatcherServlet'
2020-04-02 12:53:26.353  INFO 11932 --- [http-nio-8081-exec-1] o.s.web.servlet.DispatcherServlet        : Completed initialization in 14 ms
2020-04-02 12:54:36.700  WARN 11932 --- [http-nio-8081-exec-8] o.a.c.util.SessionIdGeneratorBase        : Creation of SecureRandom instance for session ID generation using [SHA1PRNG] took [1,215] milliseconds.
2020-04-02 12:54:36.700  WARN 11932 --- [http-nio-8081-exec-6] o.a.c.util.SessionIdGeneratorBase        : Creation of SecureRandom instance for session ID generation using [SHA1PRNG] took [1,219] milliseconds.
2020-04-02 12:54:36.700  WARN 11932 --- [http-nio-8081-exec-2] o.a.c.util.SessionIdGeneratorBase        : Creation of SecureRandom instance for session ID generation using [SHA1PRNG] took [1,223] milliseconds.
2020-04-02 13:34:47.468  INFO 6964 --- [restartedMain] com.ithome.CommunityApplication          : Starting CommunityApplication on DESKTOP-506L1LP with PID 6964 (D:\IDEAWJ\community\target\classes started by MRCHEN in D:\IDEAWJ\community)
2020-04-02 13:34:47.471  INFO 6964 --- [restartedMain] com.ithome.CommunityApplication          : No active profile set, falling back to default profiles: default
2020-04-02 13:34:49.268  INFO 6964 --- [restartedMain] o.s.b.w.embedded.tomcat.TomcatWebServer  : Tomcat initialized with port(s): 8081 (http)
2020-04-02 13:34:49.278  INFO 6964 --- [restartedMain] o.apache.catalina.core.StandardService   : Starting service [Tomcat]
2020-04-02 13:34:49.279  INFO 6964 --- [restartedMain] org.apache.catalina.core.StandardEngine  : Starting Servlet engine: [Apache Tomcat/9.0.31]
2020-04-02 13:34:49.436  INFO 6964 --- [restartedMain] o.a.c.c.C.[Tomcat].[localhost].[/]       : Initializing Spring embedded WebApplicationContext
2020-04-02 13:34:49.436  INFO 6964 --- [restartedMain] o.s.web.context.ContextLoader            : Root WebApplicationContext: initialization completed in 1803 ms
2020-04-02 13:34:49.482  INFO 6964 --- [restartedMain] com.zaxxer.hikari.HikariDataSource       : HikariPool-1 - Starting...
2020-04-02 13:34:49.647  INFO 6964 --- [restartedMain] com.zaxxer.hikari.HikariDataSource       : HikariPool-1 - Start completed.
2020-04-02 13:34:49.654  INFO 6964 --- [restartedMain] o.s.b.a.h2.H2ConsoleAutoConfiguration    : H2 console available at '/h2'. Database available at 'jdbc:h2:D:/IDEAWJ/H2/community'
2020-04-02 13:34:50.212  INFO 6964 --- [restartedMain] o.s.s.concurrent.ThreadPoolTaskExecutor  : Initializing ExecutorService 'applicationTaskExecutor'
2020-04-02 13:34:50.282  INFO 6964 --- [restartedMain] o.s.b.a.w.s.WelcomePageHandlerMapping    : Adding welcome page template: index
2020-04-02 13:34:50.667  INFO 6964 --- [restartedMain] o.s.b.d.a.OptionalLiveReloadServer       : LiveReload server is running on port 35729
2020-04-02 13:34:50.733  INFO 6964 --- [restartedMain] o.s.b.w.embedded.tomcat.TomcatWebServer  : Tomcat started on port(s): 8081 (http) with context path ''
2020-04-02 13:34:50.739  INFO 6964 --- [restartedMain] com.ithome.CommunityApplication          : Started CommunityApplication in 3.866 seconds (JVM running for 6.708)
2020-04-02 13:35:04.253  INFO 6964 --- [http-nio-8081-exec-1] o.a.c.c.C.[Tomcat].[localhost].[/]       : Initializing Spring DispatcherServlet 'dispatcherServlet'
2020-04-02 13:35:04.254  INFO 6964 --- [http-nio-8081-exec-1] o.s.web.servlet.DispatcherServlet        : Initializing Servlet 'dispatcherServlet'
2020-04-02 13:35:04.261  INFO 6964 --- [http-nio-8081-exec-1] o.s.web.servlet.DispatcherServlet        : Completed initialization in 7 ms
2020-04-02 15:33:01.153  INFO 22336 --- [restartedMain] com.ithome.CommunityApplication          : Starting CommunityApplication on DESKTOP-506L1LP with PID 22336 (D:\IDEAWJ\community\target\classes started by MRCHEN in D:\IDEAWJ\community)
2020-04-02 15:33:01.154  INFO 22336 --- [restartedMain] com.ithome.CommunityApplication          : No active profile set, falling back to default profiles: default
2020-04-02 15:33:04.188  INFO 22336 --- [restartedMain] o.s.b.w.embedded.tomcat.TomcatWebServer  : Tomcat initialized with port(s): 8081 (http)
2020-04-02 15:33:04.206  INFO 22336 --- [restartedMain] o.apache.catalina.core.StandardService   : Starting service [Tomcat]
2020-04-02 15:33:04.207  INFO 22336 --- [restartedMain] org.apache.catalina.core.StandardEngine  : Starting Servlet engine: [Apache Tomcat/9.0.31]
2020-04-02 15:33:04.574  INFO 22336 --- [restartedMain] o.a.c.c.C.[Tomcat].[localhost].[/]       : Initializing Spring embedded WebApplicationContext
2020-04-02 15:33:04.575  INFO 22336 --- [restartedMain] o.s.web.context.ContextLoader            : Root WebApplicationContext: initialization completed in 3352 ms
2020-04-02 15:33:04.695  INFO 22336 --- [restartedMain] com.zaxxer.hikari.HikariDataSource       : HikariPool-1 - Starting...
2020-04-02 15:33:05.019  INFO 22336 --- [restartedMain] com.zaxxer.hikari.HikariDataSource       : HikariPool-1 - Start completed.
2020-04-02 15:33:05.030  INFO 22336 --- [restartedMain] o.s.b.a.h2.H2ConsoleAutoConfiguration    : H2 console available at '/h2'. Database available at 'jdbc:h2:D:/IDEAWJ/H2/community'
2020-04-02 15:33:06.148  INFO 22336 --- [restartedMain] o.s.s.concurrent.ThreadPoolTaskExecutor  : Initializing ExecutorService 'applicationTaskExecutor'
2020-04-02 15:33:06.267  INFO 22336 --- [restartedMain] o.s.b.a.w.s.WelcomePageHandlerMapping    : Adding welcome page template: index
2020-04-02 15:33:06.707  INFO 22336 --- [restartedMain] o.s.b.d.a.OptionalLiveReloadServer       : LiveReload server is running on port 35729
2020-04-02 15:33:06.794  INFO 22336 --- [restartedMain] o.s.b.w.embedded.tomcat.TomcatWebServer  : Tomcat started on port(s): 8081 (http) with context path ''
2020-04-02 15:33:06.799  INFO 22336 --- [restartedMain] com.ithome.CommunityApplication          : Started CommunityApplication in 6.196 seconds (JVM running for 10.673)
2020-04-02 15:33:07.654  INFO 22336 --- [SpringContextShutdownHook] o.s.s.concurrent.ThreadPoolTaskExecutor  : Shutting down ExecutorService 'applicationTaskExecutor'
2020-04-02 15:33:07.659  INFO 22336 --- [SpringContextShutdownHook] com.zaxxer.hikari.HikariDataSource       : HikariPool-1 - Shutdown initiated...
2020-04-02 15:33:07.673  INFO 22336 --- [SpringContextShutdownHook] com.zaxxer.hikari.HikariDataSource       : HikariPool-1 - Shutdown completed.
